2025-09-24 13:19:50, MOVE, v:1, k:animal, mode:DOWN
2025-09-24 13:19:55, MOVE, v:1, k:animal, mode:PICK
2025-09-24 13:20:02, MOVE, v:1, k:animal, mode:BACK
2025-09-24 13:20:16, MOVE, v:1, k:animal, mode:PICK
2025-09-24 14:11:21, EXEC, v:1, k:animal, mode:FULL, rate:0, size:10
2025-09-24 14:11:38, EXEC, v:1, k:animal, mode:FREE
2025-09-24 14:32:31, EXEC, v:1, k:animal, mode:FULL, rate:0, size:15
2025-09-24 14:32:33, EXEC, v:1, k:animal, mode:FREE
2025-09-24 14:33:05, EXEC, v:1, k:animal, mode:FREE, size:12
2025-09-24 14:43:00, MOVE, v:1, k:animal, mode:BACK
2025-09-24 18:31:49, MOVE, v:1, k:enxugar, mode:PICK
2025-09-24 18:31:53, EXEC, v:1, k:enxugar, mode:FULL, rate:100, size:54
2025-09-24 18:31:56, EXEC, v:1, k:enxugar, mode:FULL, rate:100
2025-09-24 18:31:59, MOVE, v:1, k:enxugar, mode:BACK
2025-09-24 18:32:04, MOVE, v:1, k:animal, mode:PICK
2025-09-24 18:32:05, EXEC, v:1, k:animal, mode:FULL, rate:0, size:15
2025-09-24 18:36:07, MOVE, v:1, k:animal, mode:PICK
2025-09-24 18:36:09, EXEC, v:1, k:animal, mode:FULL, rate:0
2025-09-24 18:44:19, EXEC, v:1, k:animal, mode:FULL, rate:0, size:22
2025-09-24 19:23:47, EXEC, v:1, k:animal, mode:FULL, rate:0, size:23
2025-09-24 19:26:39, EXEC, v:1, k:animal, mode:FULL, rate:0, size:27
2025-09-24 19:27:48, MOVE, v:1, k:animal, mode:BACK
