2025-10-03 13:16:35, MOVE, v:1, k:animal, mode:PICK
2025-10-03 13:16:37, EXEC, v:1, k:animal, mode:FULL, rate:100
2025-10-03 13:16:58, MOVE, v:1, k:animal, mode:BACK
2025-10-03 13:17:10, SELF, v:1, k:animal, rate:100
2025-10-03 13:17:17, MOVE, v:1, k:carro, mode:DOWN
2025-10-03 13:17:18, MOVE, v:1, k:carro, mode:PICK
2025-10-03 13:17:22, EXEC, v:1, k:carro, mode:FULL, rate:0, size:0
2025-10-03 13:17:25, EXEC, v:1, k:carro, mode:FULL, rate:0
2025-10-03 13:17:28, EXEC, v:1, k:carro, mode:FULL, rate:0
2025-10-03 13:17:30, EXEC, v:1, k:carro, mode:FULL, rate:0
2025-10-03 13:17:33, EXEC, v:1, k:carro, mode:FULL, rate:0
2025-10-03 13:17:36, EXEC, v:1, k:carro, mode:FULL, rate:0
2025-10-03 13:17:39, EXEC, v:1, k:carro, mode:FULL, rate:0
2025-10-03 13:17:42, EXEC, v:1, k:carro, mode:FULL, rate:0
2025-10-03 13:17:45, EXEC, v:1, k:carro, mode:FULL, rate:0
2025-10-03 13:17:48, EXEC, v:1, k:carro, mode:FULL, rate:0
2025-10-03 13:17:51, EXEC, v:1, k:carro, mode:FULL, rate:0
2025-10-03 13:17:53, EXEC, v:1, k:carro, mode:FULL, rate:0
2025-10-03 13:17:56, EXEC, v:1, k:carro, mode:FULL, rate:0
2025-10-03 13:17:59, EXEC, v:1, k:carro, mode:FULL, rate:0
2025-10-03 13:27:05, MOVE, v:1, k:carro, mode:BACK
2025-10-03 13:37:54, MOVE, v:1, k:carro, mode:PICK
2025-10-03 13:40:51, MOVE, v:1, k:carro, mode:BACK
