2025-10-04 17:21:01, MOVE, v:1, k:animal, mode:PICK
2025-10-04 17:21:03, EXEC, v:1, k:animal, mode:FULL, rate:25
2025-10-04 17:34:22, EXEC, v:1, k:animal, mode:FULL, rate:25, size:43
2025-10-04 17:45:44, EXEC, v:1, k:animal, mode:FULL, rate:0, size:50
2025-10-04 17:48:17, EXEC, v:1, k:animal, mode:FULL, rate:25, size:50
2025-10-04 17:49:19, EXEC, v:1, k:animal, mode:FULL, rate:25
2025-10-04 17:53:56, EXEC, v:1, k:animal, mode:FULL, rate:25, size:46
2025-10-04 17:59:07, EXEC, v:1, k:animal, mode:FULL, rate:25, size:49
2025-10-04 17:59:49, EXEC, v:1, k:animal, mode:FREE, size:48
2025-10-04 18:02:09, EXEC, v:1, k:animal, mode:FULL, rate:25
2025-10-04 18:06:46, EXEC, v:1, k:animal, mode:FULL, rate:0, size:52
2025-10-04 18:06:57, EXEC, v:1, k:animal, mode:FULL, rate:25, size:51
2025-10-04 18:24:10, EXEC, v:1, k:animal, mode:FULL, rate:25, size:48
2025-10-04 18:24:49, EXEC, v:1, k:animal, mode:FULL, rate:25, size:47
2025-10-04 18:38:13, EXEC, v:1, k:animal, mode:FULL, rate:25, size:47
2025-10-04 18:39:57, EXEC, v:1, k:animal, mode:FULL, rate:25, size:48
2025-10-04 18:43:07, EXEC, v:1, k:animal, mode:FULL, rate:100, size:51
2025-10-04 18:45:49, MOVE, v:1, k:animal, mode:BACK
2025-10-04 18:47:46, SELF, v:1, k:animal, rate:100, human:1, iagen:1, alone:9
2025-10-04 18:49:54, SELF, v:1, k:animal, rate:100, human:1, iagen:1, alone:9, study:120
2025-10-04 18:54:22, SELF, v:1, k:toalha, rate:100, human:5, guide:2, alone:5, study:60
2025-10-04 18:55:42, SELF, v:1, k:enxugar, rate:100, human:5, guide:2, alone:5, study:60
2025-10-04 18:59:45, MOVE, v:1, k:carro, mode:PICK
2025-10-04 20:35:03, EXEC, v:1, k:carro, mode:FULL, rate:0, size:23
2025-10-04 20:36:36, EXEC, v:1, k:carro, mode:FULL, rate:0, size:23
2025-10-04 21:14:32, EXEC, v:1, k:carro, mode:FULL, rate:0, size:23
2025-10-04 21:15:48, EXEC, v:1, k:carro, mode:FULL, rate:10, size:23
2025-10-04 21:29:45, MOVE, v:1, k:carro, mode:BACK
